2020-08-10 21:16:25: info: Lich 4.6.58
2020-08-10 21:16:25: info: Ruby 2.5.5
2020-08-10 21:16:25: info: i386-mingw32
2020-08-10 21:16:25: info: no force-mode info given
2020-08-10 21:16:25: error in Gtk.queue: Couldn’t recognize the image file format for file “fly64.png”
	C:/Ruby4Lich/lib/ruby/gems/2.5.0/gems/gobject-introspection-3.2.9-x86-mingw32/lib/gobject-introspection/loader.rb:317:in `invoke'
	C:/Ruby4Lich/lib/ruby/gems/2.5.0/gems/gobject-introspection-3.2.9-x86-mingw32/lib/gobject-introspection/loader.rb:317:in `block (2 levels) in load_constructor_infos'
	C:/Ruby4Lich/lib/ruby/gems/2.5.0/gems/gdk_pixbuf2-3.2.9-x86-mingw32/lib/gdk_pixbuf2/pixbuf.rb:115:in `initialize_with_hash'
	C:/Ruby4Lich/lib/ruby/gems/2.5.0/gems/gdk_pixbuf2-3.2.9-x86-mingw32/lib/gdk_pixbuf2/pixbuf.rb:26:in `initialize'
	C:/Ruby4Lich/lib/ruby/gems/2.5.0/gems/gdk_pixbuf2-3.2.9-x86-mingw32/lib/gdk_pixbuf2/deprecated.rb:45:in `new'
	C:/Ruby4Lich/lib/ruby/gems/2.5.0/gems/gdk_pixbuf2-3.2.9-x86-mingw32/lib/gdk_pixbuf2/deprecated.rb:45:in `new'
	D:/Google Drive/Software/GemstoneIV/GemstoneIV LICH/lich/lich.rbw:10730:in `block in <main>'
	D:/Google Drive/Software/GemstoneIV/GemstoneIV LICH/lich/lich.rbw:620:in `block in queue'
	D:/Google Drive/Software/GemstoneIV/GemstoneIV LICH/lich/lich.rbw:12718:in `main'
	D:/Google Drive/Software/GemstoneIV/GemstoneIV LICH/lich/lich.rbw:12718:in `<main>'
2020-08-10 21:16:29: info: gamehost: storm.gs4.game.play.net
2020-08-10 21:16:29: info: gameport: 10024
2020-08-10 21:16:29: info: game: STORM
2020-08-10 21:16:29: info: launcher_cmd: Win32.ShellExecuteEx(:lpOperation => "runas", :lpFile => "Launcher.exe", :lpDirectory => "C:\\PROGRA~2\\Simu\\", :lpParameters => "D:\\Google Drive\\Software\\GemstoneIV\\GemstoneIV LICH\\lich\\temp\\lich5025.sal")
2020-08-10 21:16:31: info: waiting for client to connect...
2020-08-10 21:16:32: info: connected
2020-08-10 21:16:32: info: connecting to game server (storm.gs4.game.play.net:10024)
2020-08-10 21:16:32: info: connected
D:/Google Drive/Software/GemstoneIV/GemstoneIV LICH/lich/lich.rbw:8029: warning: constant ::Fixnum is deprecated
D:/Google Drive/Software/GemstoneIV/GemstoneIV LICH/lich/lich.rbw:8029: warning: constant ::Fixnum is deprecated
uberbarv:132: warning: already initialized constant Current_Silver
uberbarv:131: warning: previous definition of Current_Silver was here
uberbarv:202: warning: already initialized constant MindText
uberbarv:134: warning: previous definition of MindText was here
uberbarv:208: warning: already initialized constant StanText
uberbarv:135: warning: previous definition of StanText was here
uberbarv:214: warning: already initialized constant EncText
uberbarv:136: warning: previous definition of EncText was here
D:/Google Drive/Software/GemstoneIV/GemstoneIV LICH/lich/lich.rbw:5630: warning: constant ::Fixnum is deprecated
uberbarv:216: warning: already initialized constant Current_Silver
uberbarv:132: warning: previous definition of Current_Silver was here
2020-08-10 21:19:51: info: stopping scripts...
2020-08-10 21:19:51: info: saving script settings...
2020-08-10 21:19:51: info: closing connections...
#<Thread:0x14ac6750@D:/Google Drive/Software/GemstoneIV/GemstoneIV LICH/lich/lich.rbw:2956 run> terminated with exception (report_on_exception is true):
2020-08-10 21:19:51: info: exiting...D:/Google Drive/Software/GemstoneIV/GemstoneIV LICH/lich/lich.rbw:1266:in `write': closed stream (IOError)
	from D:/Google Drive/Software/GemstoneIV/GemstoneIV LICH/lich/lich.rbw:1266:in `puts'
	from D:/Google Drive/Software/GemstoneIV/GemstoneIV LICH/lich/lich.rbw:1266:in `block in puts'
	from D:/Google Drive/Software/GemstoneIV/GemstoneIV LICH/lich/lich.rbw:1265:in `synchronize'
	from D:/Google Drive/Software/GemstoneIV/GemstoneIV LICH/lich/lich.rbw:1265:in `puts'
	from D:/Google Drive/Software/GemstoneIV/GemstoneIV LICH/lich/lich.rbw:5957:in `puts'
	from D:/Google Drive/Software/GemstoneIV/GemstoneIV LICH/lich/lich.rbw:5957:in `rescue in respond'
	from D:/Google Drive/Software/GemstoneIV/GemstoneIV LICH/lich/lich.rbw:5938:in `respond'
	from D:/Google Drive/Software/GemstoneIV/GemstoneIV LICH/lich/lich.rbw:2974:in `rescue in block (2 levels) in kill'
	from D:/Google Drive/Software/GemstoneIV/GemstoneIV LICH/lich/lich.rbw:2959:in `block (2 levels) in kill'
	from D:/Google Drive/Software/GemstoneIV/GemstoneIV LICH/lich/lich.rbw:2957:in `synchronize'
	from D:/Google Drive/Software/GemstoneIV/GemstoneIV LICH/lich/lich.rbw:2957:in `block in kill'
#<Thread:0x14ac6540@D:/Google Drive/Software/GemstoneIV/GemstoneIV LICH/lich/lich.rbw:2956 run> terminated with exception (report_on_exception is true):
D:/Google Drive/Software/GemstoneIV/GemstoneIV LICH/lich/lich.rbw:1266:in `write': closed stream (IOError)
	from D:/Google Drive/Software/GemstoneIV/GemstoneIV LICH/lich/lich.rbw:1266:in `puts'
	from D:/Google Drive/Software/GemstoneIV/GemstoneIV LICH/lich/lich.rbw:1266:in `block in puts'
	from D:/Google Drive/Software/GemstoneIV/GemstoneIV LICH/lich/lich.rbw:1265:in `synchronize'
	from D:/Google Drive/Software/GemstoneIV/GemstoneIV LICH/lich/lich.rbw:1265:in `puts'
	from D:/Google Drive/Software/GemstoneIV/GemstoneIV LICH/lich/lich.rbw:5957:in `puts'
	from D:/Google Drive/Software/GemstoneIV/GemstoneIV LICH/lich/lich.rbw:5957:in `rescue in respond'
	from D:/Google Drive/Software/GemstoneIV/GemstoneIV LICH/lich/lich.rbw:5938:in `respond'
	from D:/Google Drive/Software/GemstoneIV/GemstoneIV LICH/lich/lich.rbw:2974:in `rescue in block (2 levels) in kill'
	from D:/Google Drive/Software/GemstoneIV/GemstoneIV LICH/lich/lich.rbw:2959:in `block (2 levels) in kill'
	from D:/Google Drive/Software/GemstoneIV/GemstoneIV LICH/lich/lich.rbw:2957:in `synchronize'
	from D:/Google Drive/Software/GemstoneIV/GemstoneIV LICH/lich/lich.rbw:2957:in `block in kill'
#<Thread:0x14ac6000@D:/Google Drive/Software/GemstoneIV/GemstoneIV LICH/lich/lich.rbw:2956 run> terminated with exception (report_on_exception is true):
D:/Google Drive/Software/GemstoneIV/GemstoneIV LICH/lich/lich.rbw:1266:in `write': closed stream (IOError)
	from D:/Google Drive/Software/GemstoneIV/GemstoneIV LICH/lich/lich.rbw:1266:in `puts'
	from D:/Google Drive/Software/GemstoneIV/GemstoneIV LICH/lich/lich.rbw:1266:in `block in puts'
	from D:/Google Drive/Software/GemstoneIV/GemstoneIV LICH/lich/lich.rbw:1265:in `synchronize'
	from D:/Google Drive/Software/GemstoneIV/GemstoneIV LICH/lich/lich.rbw:1265:in `puts'
	from D:/Google Drive/Software/GemstoneIV/GemstoneIV LICH/lich/lich.rbw:5957:in `puts'
	from D:/Google Drive/Software/GemstoneIV/GemstoneIV LICH/lich/lich.rbw:5957:in `rescue in respond'
	from D:/Google Drive/Software/GemstoneIV/GemstoneIV LICH/lich/lich.rbw:5938:in `respond'
	from D:/Google Drive/Software/GemstoneIV/GemstoneIV LICH/lich/lich.rbw:2974:in `rescue in block (2 levels) in kill'
	from D:/Google Drive/Software/GemstoneIV/GemstoneIV LICH/lich/lich.rbw:2959:in `block (2 levels) in kill'
	from D:/Google Drive/Software/GemstoneIV/GemstoneIV LICH/lich/lich.rbw:2957:in `synchronize'
	from D:/Google Drive/Software/GemstoneIV/GemstoneIV LICH/lich/lich.rbw:2957:in `block in kill'

