2020-08-10 21:09:09: info: Lich 4.6.58
2020-08-10 21:09:09: info: Ruby 2.5.5
2020-08-10 21:09:09: info: i386-mingw32
2020-08-10 21:09:09: info: no force-mode info given
2020-08-10 21:09:09: error in Gtk.queue: Couldn’t recognize the image file format for file “fly64.png”
	C:/Ruby4Lich/lib/ruby/gems/2.5.0/gems/gobject-introspection-3.2.9-x86-mingw32/lib/gobject-introspection/loader.rb:317:in `invoke'
	C:/Ruby4Lich/lib/ruby/gems/2.5.0/gems/gobject-introspection-3.2.9-x86-mingw32/lib/gobject-introspection/loader.rb:317:in `block (2 levels) in load_constructor_infos'
	C:/Ruby4Lich/lib/ruby/gems/2.5.0/gems/gdk_pixbuf2-3.2.9-x86-mingw32/lib/gdk_pixbuf2/pixbuf.rb:115:in `initialize_with_hash'
	C:/Ruby4Lich/lib/ruby/gems/2.5.0/gems/gdk_pixbuf2-3.2.9-x86-mingw32/lib/gdk_pixbuf2/pixbuf.rb:26:in `initialize'
	C:/Ruby4Lich/lib/ruby/gems/2.5.0/gems/gdk_pixbuf2-3.2.9-x86-mingw32/lib/gdk_pixbuf2/deprecated.rb:45:in `new'
	C:/Ruby4Lich/lib/ruby/gems/2.5.0/gems/gdk_pixbuf2-3.2.9-x86-mingw32/lib/gdk_pixbuf2/deprecated.rb:45:in `new'
	D:/Google Drive/Software/GemstoneIV/GemstoneIV LICH/lich/lich.rbw:10730:in `block in <main>'
	D:/Google Drive/Software/GemstoneIV/GemstoneIV LICH/lich/lich.rbw:620:in `block in queue'
	D:/Google Drive/Software/GemstoneIV/GemstoneIV LICH/lich/lich.rbw:12718:in `main'
	D:/Google Drive/Software/GemstoneIV/GemstoneIV LICH/lich/lich.rbw:12718:in `<main>'
2020-08-10 21:09:13: info: gamehost: storm.gs4.game.play.net
2020-08-10 21:09:13: info: gameport: 10024
2020-08-10 21:09:13: info: game: STORM
2020-08-10 21:09:13: info: launcher_cmd: Win32.ShellExecuteEx(:lpOperation => "runas", :lpFile => "Launcher.exe", :lpDirectory => "C:\\PROGRA~2\\Simu\\", :lpParameters => "D:\\Google Drive\\Software\\GemstoneIV\\GemstoneIV LICH\\lich\\temp\\lich7263.sal")
2020-08-10 21:09:15: info: waiting for client to connect...
2020-08-10 21:09:16: info: connected
2020-08-10 21:09:16: info: connecting to game server (storm.gs4.game.play.net:10024)
2020-08-10 21:09:16: info: connected
D:/Google Drive/Software/GemstoneIV/GemstoneIV LICH/lich/lich.rbw:3584: warning: constant ::Fixnum is deprecated
D:/Google Drive/Software/GemstoneIV/GemstoneIV LICH/lich/lich.rbw:4306: warning: constant ::Fixnum is deprecated
2020-08-10 21:10:13: info: stopping scripts...
2020-08-10 21:10:13: info: saving script settings...
2020-08-10 21:10:13: info: closing connections...
2020-08-10 21:10:13: info: exiting...
