2020-08-11 12:18:18: info: Lich 4.6.58
2020-08-11 12:18:18: info: Ruby 2.5.5
2020-08-11 12:18:18: info: i386-mingw32
2020-08-11 12:18:18: info: no force-mode info given
2020-08-11 12:18:18: error in Gtk.queue: Couldn’t recognize the image file format for file “fly64.png”
	C:/Ruby4Lich/lib/ruby/gems/2.5.0/gems/gobject-introspection-3.2.9-x86-mingw32/lib/gobject-introspection/loader.rb:317:in `invoke'
	C:/Ruby4Lich/lib/ruby/gems/2.5.0/gems/gobject-introspection-3.2.9-x86-mingw32/lib/gobject-introspection/loader.rb:317:in `block (2 levels) in load_constructor_infos'
	C:/Ruby4Lich/lib/ruby/gems/2.5.0/gems/gdk_pixbuf2-3.2.9-x86-mingw32/lib/gdk_pixbuf2/pixbuf.rb:115:in `initialize_with_hash'
	C:/Ruby4Lich/lib/ruby/gems/2.5.0/gems/gdk_pixbuf2-3.2.9-x86-mingw32/lib/gdk_pixbuf2/pixbuf.rb:26:in `initialize'
	C:/Ruby4Lich/lib/ruby/gems/2.5.0/gems/gdk_pixbuf2-3.2.9-x86-mingw32/lib/gdk_pixbuf2/deprecated.rb:45:in `new'
	C:/Ruby4Lich/lib/ruby/gems/2.5.0/gems/gdk_pixbuf2-3.2.9-x86-mingw32/lib/gdk_pixbuf2/deprecated.rb:45:in `new'
	D:/Google Drive/Software/GemstoneIV/GemstoneIV LICH/lich/lich.rbw:10730:in `block in <main>'
	D:/Google Drive/Software/GemstoneIV/GemstoneIV LICH/lich/lich.rbw:620:in `block in queue'
	D:/Google Drive/Software/GemstoneIV/GemstoneIV LICH/lich/lich.rbw:12718:in `main'
	D:/Google Drive/Software/GemstoneIV/GemstoneIV LICH/lich/lich.rbw:12718:in `<main>'
2020-08-11 12:18:26: info: gamehost: storm.gs4.game.play.net
2020-08-11 12:18:26: info: gameport: 10024
2020-08-11 12:18:26: info: game: STORM
2020-08-11 12:18:26: info: launcher_cmd: Win32.ShellExecuteEx(:lpOperation => "runas", :lpFile => "Launcher.exe", :lpDirectory => "C:\\PROGRA~2\\Simu\\", :lpParameters => "D:\\Google Drive\\Software\\GemstoneIV\\GemstoneIV LICH\\lich\\temp\\lich7127.sal")
2020-08-11 12:18:28: info: waiting for client to connect...
2020-08-11 12:18:29: info: connected
2020-08-11 12:18:29: info: connecting to game server (storm.gs4.game.play.net:10024)
2020-08-11 12:18:29: info: connected
uberbarv:132: warning: already initialized constant Current_Silver
uberbarv:131: warning: previous definition of Current_Silver was here
uberbarv:202: warning: already initialized constant MindText
uberbarv:134: warning: previous definition of MindText was here
uberbarv:208: warning: already initialized constant StanText
uberbarv:135: warning: previous definition of StanText was here
uberbarv:214: warning: already initialized constant EncText
uberbarv:136: warning: previous definition of EncText was here
uberbarv:216: warning: already initialized constant Current_Silver
uberbarv:132: warning: previous definition of Current_Silver was here
D:/Google Drive/Software/GemstoneIV/GemstoneIV LICH/lich/lich.rbw:3584: warning: constant ::Fixnum is deprecated
D:/Google Drive/Software/GemstoneIV/GemstoneIV LICH/lich/lich.rbw:4306: warning: constant ::Fixnum is deprecated
uberbarv:208: warning: already initialized constant StanText
uberbarv:208: warning: previous definition of StanText was here
D:/Google Drive/Software/GemstoneIV/GemstoneIV LICH/lich/lich.rbw:8029: warning: constant ::Fixnum is deprecated
uberbarv:202: warning: already initialized constant MindText
uberbarv:202: warning: previous definition of MindText was here
D:/Google Drive/Software/GemstoneIV/GemstoneIV LICH/lich/lich.rbw:8029: warning: constant ::Fixnum is deprecated
uberbarv:202: warning: already initialized constant MindText
uberbarv:202: warning: previous definition of MindText was here
D:/Google Drive/Software/GemstoneIV/GemstoneIV LICH/lich/lich.rbw:8029: warning: constant ::Fixnum is deprecated
uberbarv:214: warning: already initialized constant EncText
uberbarv:214: warning: previous definition of EncText was here
uberbarv:216: warning: already initialized constant Current_Silver
uberbarv:216: warning: previous definition of Current_Silver was here
D:/Google Drive/Software/GemstoneIV/GemstoneIV LICH/lich/lich.rbw:8029: warning: constant ::Fixnum is deprecated
uberbarv:214: warning: already initialized constant EncText
uberbarv:214: warning: previous definition of EncText was here
uberbarv:216: warning: already initialized constant Current_Silver
uberbarv:216: warning: previous definition of Current_Silver was here
scripts/oleani-lib.lic:45: warning: already initialized constant Utilities::VERSION
scripts/oleani-lib.lic:45: warning: previous definition of VERSION was here
scripts/oleani-lib.lic:187: warning: already initialized constant Utilities::Slop::VERSION
scripts/oleani-lib.lic:187: warning: previous definition of VERSION was here
scripts/oleani-lib.lic:214: warning: already initialized constant Utilities::Slop::DEFAULT_OPTIONS
scripts/oleani-lib.lic:214: warning: previous definition of DEFAULT_OPTIONS was here
scripts/oleani-lib.lic:882: warning: already initialized constant Utilities::Slop::Option::DEFAULT_OPTIONS
scripts/oleani-lib.lic:882: warning: previous definition of DEFAULT_OPTIONS was here
scripts/oleani-lib.lic:1304: warning: already initialized constant Timers::VERSION
scripts/oleani-lib.lic:1304: warning: previous definition of VERSION was here
scripts/oleani-lib.lic:45: warning: already initialized constant Utilities::VERSION
scripts/oleani-lib.lic:45: warning: previous definition of VERSION was here
scripts/oleani-lib.lic:187: warning: already initialized constant Utilities::Slop::VERSION
scripts/oleani-lib.lic:187: warning: previous definition of VERSION was here
scripts/oleani-lib.lic:214: warning: already initialized constant Utilities::Slop::DEFAULT_OPTIONS
scripts/oleani-lib.lic:214: warning: previous definition of DEFAULT_OPTIONS was here
scripts/oleani-lib.lic:882: warning: already initialized constant Utilities::Slop::Option::DEFAULT_OPTIONS
scripts/oleani-lib.lic:882: warning: previous definition of DEFAULT_OPTIONS was here
scripts/oleani-lib.lic:1304: warning: already initialized constant Timers::VERSION
scripts/oleani-lib.lic:1304: warning: previous definition of VERSION was here
scripts/oleani-lib.lic:45: warning: already initialized constant Utilities::VERSION
scripts/oleani-lib.lic:45: warning: previous definition of VERSION was here
scripts/oleani-lib.lic:187: warning: already initialized constant Utilities::Slop::VERSION
scripts/oleani-lib.lic:187: warning: previous definition of VERSION was here
scripts/oleani-lib.lic:214: warning: already initialized constant Utilities::Slop::DEFAULT_OPTIONS
scripts/oleani-lib.lic:214: warning: previous definition of DEFAULT_OPTIONS was here
scripts/oleani-lib.lic:882: warning: already initialized constant Utilities::Slop::Option::DEFAULT_OPTIONS
scripts/oleani-lib.lic:882: warning: previous definition of DEFAULT_OPTIONS was here
scripts/oleani-lib.lic:1304: warning: already initialized constant Timers::VERSION
scripts/oleani-lib.lic:1304: warning: previous definition of VERSION was here
scripts/oleani-lib.lic:45: warning: already initialized constant Utilities::VERSION
scripts/oleani-lib.lic:45: warning: previous definition of VERSION was here
scripts/oleani-lib.lic:187: warning: already initialized constant Utilities::Slop::VERSION
scripts/oleani-lib.lic:187: warning: previous definition of VERSION was here
scripts/oleani-lib.lic:214: warning: already initialized constant Utilities::Slop::DEFAULT_OPTIONS
scripts/oleani-lib.lic:214: warning: previous definition of DEFAULT_OPTIONS was here
scripts/oleani-lib.lic:882: warning: already initialized constant Utilities::Slop::Option::DEFAULT_OPTIONS
scripts/oleani-lib.lic:882: warning: previous definition of DEFAULT_OPTIONS was here
scripts/oleani-lib.lic:1304: warning: already initialized constant Timers::VERSION
scripts/oleani-lib.lic:1304: warning: previous definition of VERSION was here
scripts/oleani-lib.lic:45: warning: already initialized constant Utilities::VERSION
scripts/oleani-lib.lic:45: warning: previous definition of VERSION was here
scripts/oleani-lib.lic:187: warning: already initialized constant Utilities::Slop::VERSION
scripts/oleani-lib.lic:187: warning: previous definition of VERSION was here
scripts/oleani-lib.lic:214: warning: already initialized constant Utilities::Slop::DEFAULT_OPTIONS
scripts/oleani-lib.lic:214: warning: previous definition of DEFAULT_OPTIONS was here
scripts/oleani-lib.lic:882: warning: already initialized constant Utilities::Slop::Option::DEFAULT_OPTIONS
scripts/oleani-lib.lic:882: warning: previous definition of DEFAULT_OPTIONS was here
scripts/oleani-lib.lic:1304: warning: already initialized constant Timers::VERSION
scripts/oleani-lib.lic:1304: warning: previous definition of VERSION was here
scripts/oleani-lib.lic:45: warning: already initialized constant Utilities::VERSION
scripts/oleani-lib.lic:45: warning: previous definition of VERSION was here
scripts/oleani-lib.lic:187: warning: already initialized constant Utilities::Slop::VERSION
scripts/oleani-lib.lic:187: warning: previous definition of VERSION was here
scripts/oleani-lib.lic:214: warning: already initialized constant Utilities::Slop::DEFAULT_OPTIONS
scripts/oleani-lib.lic:214: warning: previous definition of DEFAULT_OPTIONS was here
scripts/oleani-lib.lic:882: warning: already initialized constant Utilities::Slop::Option::DEFAULT_OPTIONS
scripts/oleani-lib.lic:882: warning: previous definition of DEFAULT_OPTIONS was here
scripts/oleani-lib.lic:1304: warning: already initialized constant Timers::VERSION
scripts/oleani-lib.lic:1304: warning: previous definition of VERSION was here
scripts/oleani-lib.lic:45: warning: already initialized constant Utilities::VERSION
scripts/oleani-lib.lic:45: warning: previous definition of VERSION was here
scripts/oleani-lib.lic:187: warning: already initialized constant Utilities::Slop::VERSION
scripts/oleani-lib.lic:187: warning: previous definition of VERSION was here
scripts/oleani-lib.lic:214: warning: already initialized constant Utilities::Slop::DEFAULT_OPTIONS
scripts/oleani-lib.lic:214: warning: previous definition of DEFAULT_OPTIONS was here
scripts/oleani-lib.lic:882: warning: already initialized constant Utilities::Slop::Option::DEFAULT_OPTIONS
scripts/oleani-lib.lic:882: warning: previous definition of DEFAULT_OPTIONS was here
scripts/oleani-lib.lic:1304: warning: already initialized constant Timers::VERSION
scripts/oleani-lib.lic:1304: warning: previous definition of VERSION was here
scripts/oleani-lib.lic:45: warning: already initialized constant Utilities::VERSION
scripts/oleani-lib.lic:45: warning: previous definition of VERSION was here
scripts/oleani-lib.lic:187: warning: already initialized constant Utilities::Slop::VERSION
scripts/oleani-lib.lic:187: warning: previous definition of VERSION was here
scripts/oleani-lib.lic:214: warning: already initialized constant Utilities::Slop::DEFAULT_OPTIONS
scripts/oleani-lib.lic:214: warning: previous definition of DEFAULT_OPTIONS was here
scripts/oleani-lib.lic:882: warning: already initialized constant Utilities::Slop::Option::DEFAULT_OPTIONS
scripts/oleani-lib.lic:882: warning: previous definition of DEFAULT_OPTIONS was here
scripts/oleani-lib.lic:1304: warning: already initialized constant Timers::VERSION
scripts/oleani-lib.lic:1304: warning: previous definition of VERSION was here
scripts/oleani-lib.lic:45: warning: already initialized constant Utilities::VERSION
scripts/oleani-lib.lic:45: warning: previous definition of VERSION was here
scripts/oleani-lib.lic:187: warning: already initialized constant Utilities::Slop::VERSION
scripts/oleani-lib.lic:187: warning: previous definition of VERSION was here
scripts/oleani-lib.lic:214: warning: already initialized constant Utilities::Slop::DEFAULT_OPTIONS
scripts/oleani-lib.lic:214: warning: previous definition of DEFAULT_OPTIONS was here
scripts/oleani-lib.lic:882: warning: already initialized constant Utilities::Slop::Option::DEFAULT_OPTIONS
scripts/oleani-lib.lic:882: warning: previous definition of DEFAULT_OPTIONS was here
scripts/oleani-lib.lic:1304: warning: already initialized constant Timers::VERSION
scripts/oleani-lib.lic:1304: warning: previous definition of VERSION was here
scripts/oleani-lib.lic:45: warning: already initialized constant Utilities::VERSION
scripts/oleani-lib.lic:45: warning: previous definition of VERSION was here
scripts/oleani-lib.lic:187: warning: already initialized constant Utilities::Slop::VERSION
scripts/oleani-lib.lic:187: warning: previous definition of VERSION was here
scripts/oleani-lib.lic:214: warning: already initialized constant Utilities::Slop::DEFAULT_OPTIONS
scripts/oleani-lib.lic:214: warning: previous definition of DEFAULT_OPTIONS was here
scripts/oleani-lib.lic:882: warning: already initialized constant Utilities::Slop::Option::DEFAULT_OPTIONS
scripts/oleani-lib.lic:882: warning: previous definition of DEFAULT_OPTIONS was here
scripts/oleani-lib.lic:1304: warning: already initialized constant Timers::VERSION
scripts/oleani-lib.lic:1304: warning: previous definition of VERSION was here
scripts/oleani-lib.lic:45: warning: already initialized constant Utilities::VERSION
scripts/oleani-lib.lic:45: warning: previous definition of VERSION was here
scripts/oleani-lib.lic:187: warning: already initialized constant Utilities::Slop::VERSION
scripts/oleani-lib.lic:187: warning: previous definition of VERSION was here
scripts/oleani-lib.lic:214: warning: already initialized constant Utilities::Slop::DEFAULT_OPTIONS
scripts/oleani-lib.lic:214: warning: previous definition of DEFAULT_OPTIONS was here
scripts/oleani-lib.lic:882: warning: already initialized constant Utilities::Slop::Option::DEFAULT_OPTIONS
scripts/oleani-lib.lic:882: warning: previous definition of DEFAULT_OPTIONS was here
scripts/oleani-lib.lic:1304: warning: already initialized constant Timers::VERSION
scripts/oleani-lib.lic:1304: warning: previous definition of VERSION was here
uberbarv:214: warning: already initialized constant EncText
uberbarv:214: warning: previous definition of EncText was here
uberbarv:216: warning: already initialized constant Current_Silver
uberbarv:216: warning: previous definition of Current_Silver was here
scripts/oleani-lib.lic:45: warning: already initialized constant Utilities::VERSION
scripts/oleani-lib.lic:45: warning: previous definition of VERSION was here
scripts/oleani-lib.lic:187: warning: already initialized constant Utilities::Slop::VERSION
scripts/oleani-lib.lic:187: warning: previous definition of VERSION was here
scripts/oleani-lib.lic:214: warning: already initialized constant Utilities::Slop::DEFAULT_OPTIONS
scripts/oleani-lib.lic:214: warning: previous definition of DEFAULT_OPTIONS was here
scripts/oleani-lib.lic:882: warning: already initialized constant Utilities::Slop::Option::DEFAULT_OPTIONS
scripts/oleani-lib.lic:882: warning: previous definition of DEFAULT_OPTIONS was here
scripts/oleani-lib.lic:1304: warning: already initialized constant Timers::VERSION
scripts/oleani-lib.lic:1304: warning: previous definition of VERSION was here
scripts/oleani-lib.lic:45: warning: already initialized constant Utilities::VERSION
scripts/oleani-lib.lic:45: warning: previous definition of VERSION was here
scripts/oleani-lib.lic:187: warning: already initialized constant Utilities::Slop::VERSION
scripts/oleani-lib.lic:187: warning: previous definition of VERSION was here
scripts/oleani-lib.lic:214: warning: already initialized constant Utilities::Slop::DEFAULT_OPTIONS
scripts/oleani-lib.lic:214: warning: previous definition of DEFAULT_OPTIONS was here
scripts/oleani-lib.lic:882: warning: already initialized constant Utilities::Slop::Option::DEFAULT_OPTIONS
scripts/oleani-lib.lic:882: warning: previous definition of DEFAULT_OPTIONS was here
scripts/oleani-lib.lic:1304: warning: already initialized constant Timers::VERSION
scripts/oleani-lib.lic:1304: warning: previous definition of VERSION was here
D:/Google Drive/Software/GemstoneIV/GemstoneIV LICH/lich/lich.rbw:3584: warning: constant ::Fixnum is deprecated
D:/Google Drive/Software/GemstoneIV/GemstoneIV LICH/lich/lich.rbw:4306: warning: constant ::Fixnum is deprecated
uberbarv:214: warning: already initialized constant EncText
uberbarv:214: warning: previous definition of EncText was here
uberbarv:216: warning: already initialized constant Current_Silver
uberbarv:216: warning: previous definition of Current_Silver was here
uberbarv:218: warning: already initialized constant New_Silver
uberbarv:117: warning: previous definition of New_Silver was here
uberbarv:220: warning: already initialized constant SilText
uberbarv:133: warning: previous definition of SilText was here
D:/Google Drive/Software/GemstoneIV/GemstoneIV LICH/lich/lich.rbw:3584: warning: constant ::Fixnum is deprecated
D:/Google Drive/Software/GemstoneIV/GemstoneIV LICH/lich/lich.rbw:4306: warning: constant ::Fixnum is deprecated
uberbarv:214: warning: already initialized constant EncText
uberbarv:214: warning: previous definition of EncText was here
D:/Google Drive/Software/GemstoneIV/GemstoneIV LICH/lich/lich.rbw:3584: warning: constant ::Fixnum is deprecated
uberbarv:216: warning: already initialized constant Current_Silver
uberbarv:216: warning: previous definition of Current_Silver was here
uberbarv:218: warning: already initialized constant New_Silver
uberbarv:218: warning: previous definition of New_Silver was here
uberbarv:220: warning: already initialized constant SilText
uberbarv:220: warning: previous definition of SilText was here
D:/Google Drive/Software/GemstoneIV/GemstoneIV LICH/lich/lich.rbw:8029: warning: constant ::Fixnum is deprecated
uberbarv:214: warning: already initialized constant EncText
uberbarv:214: warning: previous definition of EncText was here
uberbarv:216: warning: already initialized constant Current_Silver
uberbarv:216: warning: previous definition of Current_Silver was here
D:/Google Drive/Software/GemstoneIV/GemstoneIV LICH/lich/lich.rbw:8029: warning: constant ::Fixnum is deprecated
bigshot:89: warning: already initialized constant BIGSHOT_VERSION
bigshot:89: warning: previous definition of BIGSHOT_VERSION was here
bigshot:90: warning: already initialized constant RALLY_TIME
bigshot:90: warning: previous definition of RALLY_TIME was here
bigshot:91: warning: already initialized constant REST_INTERVAL
bigshot:91: warning: previous definition of REST_INTERVAL was here
bigshot:368: warning: already initialized constant Bigshot::PRONE
bigshot:368: warning: previous definition of PRONE was here
D:/Google Drive/Software/GemstoneIV/GemstoneIV LICH/lich/lich.rbw:8029: warning: constant ::Fixnum is deprecated
D:/Google Drive/Software/GemstoneIV/GemstoneIV LICH/lich/lich.rbw:3584: warning: constant ::Fixnum is deprecated
D:/Google Drive/Software/GemstoneIV/GemstoneIV LICH/lich/lich.rbw:4306: warning: constant ::Fixnum is deprecated
uberbarv:208: warning: already initialized constant StanText
uberbarv:208: warning: previous definition of StanText was here
D:/Google Drive/Software/GemstoneIV/GemstoneIV LICH/lich/lich.rbw:3584: warning: constant ::Fixnum is deprecated
D:/Google Drive/Software/GemstoneIV/GemstoneIV LICH/lich/lich.rbw:8029: warning: constant ::Fixnum is deprecated
uberbarv:208: warning: already initialized constant StanText
uberbarv:208: warning: previous definition of StanText was here
D:/Google Drive/Software/GemstoneIV/GemstoneIV LICH/lich/lich.rbw:8029: warning: constant ::Fixnum is deprecated
uberbarv:208: warning: already initialized constant StanText
uberbarv:208: warning: previous definition of StanText was here
D:/Google Drive/Software/GemstoneIV/GemstoneIV LICH/lich/lich.rbw:8029: warning: constant ::Fixnum is deprecated
uberbarv:208: warning: already initialized constant StanText
uberbarv:208: warning: previous definition of StanText was here
D:/Google Drive/Software/GemstoneIV/GemstoneIV LICH/lich/lich.rbw:8029: warning: constant ::Fixnum is deprecated
2020-08-11 12:37:20: error: server_thread: A connection attempt failed because the connected party did not properly respond after a period of time, or established connection failed because connected host has failed to respond. @ io_fillbuf - fd:4 
	D:/Google Drive/Software/GemstoneIV/GemstoneIV LICH/lich/lich.rbw:7211:in `gets'
	D:/Google Drive/Software/GemstoneIV/GemstoneIV LICH/lich/lich.rbw:7211:in `block in open'
2020-08-11 12:37:20: info: stopping scripts...
2020-08-11 12:37:20: info: saving script settings...
2020-08-11 12:37:21: info: closing connections...
2020-08-11 12:37:21: info: exiting...
