2020-08-11 21:26:03: info: Lich 4.6.58
2020-08-11 21:26:03: info: Ruby 2.5.1
2020-08-11 21:26:03: info: armv7l-linux-eabihf
2020-08-11 21:26:03: info: DISPLAY environment variable is not set; not trying gtk
2020-08-11 21:26:03: info: no force-mode info given
2020-08-11 21:26:03: info: using quick game entry settings for Aiss
2020-08-11 21:26:04: info: gamehost: storm.gs4.game.play.net
2020-08-11 21:26:04: info: gameport: 10024
2020-08-11 21:26:04: info: game: STORM
2020-08-11 21:26:04: info: connecting to game server (storm.gs4.game.play.net:10024)
2020-08-11 21:26:04: info: connected
2020-08-11 21:26:04: info: dropping superuser privileges...
#<Thread:0x020f3bf8@/root/GemstoneIV/lich/lich.rbw:2518 aborting> terminated with exception (report_on_exception is true):
/root/GemstoneIV/lich/lich.rbw:2956:in `new': can't alloc thread (ThreadError)
	from /root/GemstoneIV/lich/lich.rbw:2956:in `kill'
#<Thread:0x021c52c8@/root/GemstoneIV/lich/lich.rbw:2518 aborting> terminated with exception (report_on_exception is true):
	from /root/GemstoneIV/lich/lich.rbw:2565:in `ensure in block (2 levels) in <class:Script>'
/root/GemstoneIV/lich/lich.rbw:2956:in `new'	from /root/GemstoneIV/lich/lich.rbw:2565:in `block (2 levels) in <class:Script>'
: can't alloc thread (ThreadError)
	from /root/GemstoneIV/lich/lich.rbw:2956:in `kill'
	from /root/GemstoneIV/lich/lich.rbw:2565:in `ensure in block (2 levels) in <class:Script>'
	from /root/GemstoneIV/lich/lich.rbw:2565:in `block (2 levels) in <class:Script>'
