: missing sellable for: sturdy thanot coffer
: missing sellable for: acid-pitted silver trunk
: missing sellable for: sturdy iron chest
: missing type for: steed
: missing sellable for: plain modwir strongbox
: missing sellable for: plain silver strongbox
: missing sellable for: badly damaged iron chest
: missing sellable for: badly damaged haon trunk
: missing sellable for: rotting wooden strongbox
: missing sellable for: badly damaged gold trunk
: missing sellable for: simple wooden coffer
: missing sellable for: scratched silver box
: missing sellable for: sturdy iron coffer
: missing sellable for: scratched thanot strongbox
: missing sellable for: badly damaged modwir box
: missing sellable for: engraved haon trunk
: missing sellable for: engraved modwir box
: missing sellable for: engraved tanik box
: missing sellable for: corroded mithril trunk
: missing sellable for: weathered maoral chest
: missing sellable for: badly damaged gold box
: missing sellable for: iron-bound fel box
: missing sellable for: simple fel strongbox
: missing sellable for: weathered maoral coffer
: missing sellable for: battered iron trunk
: missing sellable for: iron-bound tanik box
: missing sellable for: acid-pitted steel strongbox
: missing sellable for: enruned iron coffer
: missing sellable for: plain thanot chest
: missing sellable for: plain steel chest
: missing sellable for: engraved silver box
: missing sellable for: sturdy haon trunk
: missing sellable for: scratched gold strongbox
: missing sellable for: plain gold chest
: missing sellable for: iron-bound modwir trunk
: missing sellable for: badly damaged silver strongbox
: missing sellable for: sturdy gold chest
: missing sellable for: rotting maoral trunk
: missing sellable for: rotting maoral trunk
: missing sellable for: weathered thanot coffer
: missing type for: steed
: missing sellable for: plain wooden coffer
: missing sellable for: scratched gold strongbox
: missing sellable for: badly damaged mithril trunk
: missing sellable for: iron-bound maoral strongbox
: missing sellable for: scratched thanot trunk
: missing sellable for: badly damaged mithril chest
: missing sellable for: scratched fel box
: missing sellable for: battered steel strongbox
: missing sellable for: iron-bound haon trunk
: missing sellable for: sturdy wooden box
: missing sellable for: iron-bound tanik coffer
: missing sellable for: enruned thanot trunk
: missing sellable for: simple haon chest
: missing sellable for: scratched gold coffer
: missing sellable for: plain iron trunk
: missing sellable for: badly damaged steel box
: missing sellable for: iron-bound modwir box
: missing sellable for: engraved haon trunk
: missing sellable for: dented silver chest
: missing sellable for: enruned mithril trunk
: missing sellable for: iron-bound modwir box
: missing sellable for: simple maoral coffer
: missing sellable for: simple wooden chest
: missing sellable for: weathered fel chest
: missing sellable for: plain mithril coffer
: missing sellable for: rotting fel trunk
: missing sellable for: dented iron chest
: missing sellable for: enruned wooden chest
: missing type for: steed
: missing sellable for: plain silver strongbox
2020-05-11 01:17pm: missing sellable for: sturdy brass coffer
2020-05-11 01:20pm: missing type for: woven cloak
2020-05-11 01:20pm: missing sellable for: plain wooden coffer
2020-05-11 01:21pm: missing type for: woven cloak
2020-05-11 03:21pm: missing sellable for: simple modwir coffer
2020-05-11 04:55pm: missing sellable for: badly damaged wooden strongbox
